{"C:\\xampp\\htdocs\\bbc\\src\\App.js": {"path":"C:\\xampp\\htdocs\\bbc\\src\\App.js","statementMap":{"0":{"start":{"line":17,"column":4},"end":{"line":19,"column":36}},"1":{"start":{"line":18,"column":6},"end":{"line":18,"column":36}},"2":{"start":{"line":19,"column":18},"end":{"line":19,"column":34}},"3":{"start":{"line":22,"column":31},"end":{"line":22,"column":119}},"4":{"start":{"line":25,"column":28},"end":{"line":25,"column":38}},"5":{"start":{"line":26,"column":4},"end":{"line":26,"column":31}},"6":{"start":{"line":27,"column":4},"end":{"line":27,"column":34}},"7":{"start":{"line":31,"column":29},"end":{"line":31,"column":39}},"8":{"start":{"line":32,"column":4},"end":{"line":32,"column":50}},"9":{"start":{"line":33,"column":4},"end":{"line":33,"column":35}},"10":{"start":{"line":38,"column":4},"end":{"line":45,"column":6}},"11":{"start":{"line":39,"column":6},"end":{"line":41,"column":7}},"12":{"start":{"line":40,"column":8},"end":{"line":40,"column":40}},"13":{"start":{"line":42,"column":22},"end":{"line":42,"column":94}},"14":{"start":{"line":43,"column":6},"end":{"line":43,"column":47}},"15":{"start":{"line":44,"column":6},"end":{"line":44,"column":22}},"16":{"start":{"line":49,"column":4},"end":{"line":49,"column":66}},"17":{"start":{"line":53,"column":15},"end":{"line":58,"column":2}}},"fnMap":{"0":{"name":"(anonymous_0)","decl":{"start":{"line":16,"column":22},"end":{"line":16,"column":23}},"loc":{"start":{"line":16,"column":28},"end":{"line":20,"column":3}},"line":16},"1":{"name":"(anonymous_1)","decl":{"start":{"line":17,"column":56},"end":{"line":17,"column":57}},"loc":{"start":{"line":17,"column":67},"end":{"line":19,"column":5}},"line":17},"2":{"name":"(anonymous_2)","decl":{"start":{"line":19,"column":13},"end":{"line":19,"column":14}},"loc":{"start":{"line":19,"column":18},"end":{"line":19,"column":34}},"line":19},"3":{"name":"(anonymous_3)","decl":{"start":{"line":22,"column":25},"end":{"line":22,"column":26}},"loc":{"start":{"line":22,"column":31},"end":{"line":22,"column":119}},"line":22},"4":{"name":"(anonymous_4)","decl":{"start":{"line":24,"column":21},"end":{"line":24,"column":22}},"loc":{"start":{"line":24,"column":32},"end":{"line":28,"column":3}},"line":24},"5":{"name":"(anonymous_5)","decl":{"start":{"line":30,"column":26},"end":{"line":30,"column":27}},"loc":{"start":{"line":30,"column":37},"end":{"line":34,"column":3}},"line":30},"6":{"name":"(anonymous_6)","decl":{"start":{"line":37,"column":17},"end":{"line":37,"column":18}},"loc":{"start":{"line":37,"column":34},"end":{"line":46,"column":3}},"line":37},"7":{"name":"(anonymous_7)","decl":{"start":{"line":38,"column":23},"end":{"line":38,"column":24}},"loc":{"start":{"line":38,"column":44},"end":{"line":45,"column":5}},"line":38},"8":{"name":"(anonymous_8)","decl":{"start":{"line":48,"column":2},"end":{"line":48,"column":3}},"loc":{"start":{"line":48,"column":11},"end":{"line":50,"column":3}},"line":48}},"branchMap":{"0":{"loc":{"start":{"line":39,"column":6},"end":{"line":41,"column":7}},"type":"if","locations":[{"start":{"line":39,"column":6},"end":{"line":41,"column":7}},{"start":{"line":39,"column":6},"end":{"line":41,"column":7}}],"line":39}},"s":{"0":10,"1":10,"2":0,"3":10,"4":11,"5":11,"6":11,"7":13,"8":13,"9":13,"10":13,"11":13,"12":1,"13":13,"14":12,"15":12,"16":32,"17":1},"f":{"0":10,"1":10,"2":0,"3":10,"4":11,"5":13,"6":13,"7":13,"8":32},"b":{"0":[1,12]},"_coverageSchema":"43e27e138ebf9cfc5966b082cf9a028302ed4184","hash":"972e0d3dfa2c11bcfe11659da0144dfd3106acc7"}
,"C:\\xampp\\htdocs\\bbc\\src\\config.js": {"path":"C:\\xampp\\htdocs\\bbc\\src\\config.js","statementMap":{"0":{"start":{"line":1,"column":21},"end":{"line":4,"column":1}},"1":{"start":{"line":6,"column":22},"end":{"line":14,"column":1}}},"fnMap":{},"branchMap":{},"s":{"0":1,"1":1},"f":{},"b":{},"_coverageSchema":"43e27e138ebf9cfc5966b082cf9a028302ed4184","hash":"28113fc73358962ed38783bd1f844965bb8daa6d"}
,"C:\\xampp\\htdocs\\bbc\\src\\lib\\Article.js": {"path":"C:\\xampp\\htdocs\\bbc\\src\\lib\\Article.js","statementMap":{"0":{"start":{"line":4,"column":8},"end":{"line":4,"column":26}},"1":{"start":{"line":5,"column":8},"end":{"line":5,"column":24}},"2":{"start":{"line":6,"column":8},"end":{"line":6,"column":21}},"3":{"start":{"line":9,"column":21},"end":{"line":9,"column":31}},"4":{"start":{"line":11,"column":24},"end":{"line":11,"column":42}},"5":{"start":{"line":13,"column":20},"end":{"line":13,"column":29}}},"fnMap":{"0":{"name":"(anonymous_0)","decl":{"start":{"line":3,"column":4},"end":{"line":3,"column":5}},"loc":{"start":{"line":3,"column":28},"end":{"line":7,"column":5}},"line":3},"1":{"name":"(anonymous_1)","decl":{"start":{"line":9,"column":15},"end":{"line":9,"column":16}},"loc":{"start":{"line":9,"column":21},"end":{"line":9,"column":31}},"line":9},"2":{"name":"(anonymous_2)","decl":{"start":{"line":11,"column":15},"end":{"line":11,"column":16}},"loc":{"start":{"line":11,"column":24},"end":{"line":11,"column":42}},"line":11},"3":{"name":"(anonymous_3)","decl":{"start":{"line":13,"column":14},"end":{"line":13,"column":15}},"loc":{"start":{"line":13,"column":20},"end":{"line":13,"column":29}},"line":13}},"branchMap":{},"s":{"0":18,"1":18,"2":18,"3":1,"4":1,"5":1},"f":{"0":18,"1":1,"2":1,"3":1},"b":{},"_coverageSchema":"43e27e138ebf9cfc5966b082cf9a028302ed4184","hash":"f03846910cd0a6bca468e66c73dc3209503dea58"}
}
