TN:
SF:C:\xampp\htdocs\bbc\src\App.js
FN:16,(anonymous_0)
FN:17,(anonymous_1)
FN:19,(anonymous_2)
FN:22,(anonymous_3)
FN:24,(anonymous_4)
FN:30,(anonymous_5)
FN:37,(anonymous_6)
FN:38,(anonymous_7)
FN:48,(anonymous_8)
FNF:9
FNH:8
FNDA:10,(anonymous_0)
FNDA:10,(anonymous_1)
FNDA:0,(anonymous_2)
FNDA:10,(anonymous_3)
FNDA:11,(anonymous_4)
FNDA:13,(anonymous_5)
FNDA:13,(anonymous_6)
FNDA:13,(anonymous_7)
FNDA:32,(anonymous_8)
DA:17,10
DA:18,10
DA:19,0
DA:22,10
DA:25,11
DA:26,11
DA:27,11
DA:31,13
DA:32,13
DA:33,13
DA:38,13
DA:39,13
DA:40,1
DA:42,13
DA:43,12
DA:44,12
DA:49,32
DA:53,1
LF:18
LH:17
BRDA:39,0,0,1
BRDA:39,0,1,12
BRF:2
BRH:2
end_of_record
TN:
SF:C:\xampp\htdocs\bbc\src\config.js
FNF:0
FNH:0
DA:1,1
DA:6,1
LF:2
LH:2
BRF:0
BRH:0
end_of_record
TN:
SF:C:\xampp\htdocs\bbc\src\lib\Article.js
FN:3,(anonymous_0)
FN:9,(anonymous_1)
FN:11,(anonymous_2)
FN:13,(anonymous_3)
FNF:4
FNH:4
FNDA:18,(anonymous_0)
FNDA:1,(anonymous_1)
FNDA:1,(anonymous_2)
FNDA:1,(anonymous_3)
DA:4,18
DA:5,18
DA:6,18
DA:9,1
DA:11,1
DA:13,1
LF:6
LH:6
BRF:0
BRH:0
end_of_record
